C51 COMPILER V9.56.0.0   INCHK                                                             11/13/2020 10:16:17 PAGE 1   


C51 COMPILER V9.56.0.0, COMPILATION OF MODULE INCHK
OBJECT MODULE PLACED IN .\Objects\InChk.obj
COMPILER INVOKED BY: C:\Keil_v5\C51\BIN\C51.EXE Scr\InChk.c OPTIMIZE(4,SPEED) BROWSE DEBUG OBJECTEXTEND PRINT(.\Listings
                    -\InChk.lst) OBJECT(.\Objects\InChk.obj)

line level    source

   1          /*********************************************************************************************************
             -******
   2          Subroutine:                                                                             输入信号检测
   3          Description:                                                                                                                                                            
   4          Input:                                                                                                  
   5          Output:                                                                                         
   6          **********************************************************************************************************
             -*****/
   7          #include <SN8F5702.h>
   8          #include "InChk.h"              
   9          #include "App.h"
  10          #include "Data.h"
  11          //-------------------------------------------------------------
  12          //      InChk ram define
  13          //-------------------------------------------------------------
  14          bit F_Chg_Exist;                                                                                                //有充电标志
  15          bit F_Chk_Chg;                                                                                                  //充电检测口状态
  16          idata uint8_t RTm_Chk_Chg;                                                      //消抖
  17          
  18          bit F_DisChg_Exist = 1;                                                                 //有放电标志
  19          bit F_Chk_DisChg = 1;                                                                           //放电检测口状态
  20          idata uint8_t RTm_Chk_DisChg = LTm_Chk_DisChg;//消抖
  21          idata uint8_t RTm_Chk_NDisChg = LTm_Chk_NDisChg;//消抖
  22          //=============================================================
  23          //      电平检测程序
  24          //=============================================================
  25          void Mn_InChk(void)
  26          {                                                                                                                                                       
  27   1              Chk_Chg();                                                                                                              //检测充电信号  
  28   1              
  29   1        if(F_Chg_Exist == 0)
  30   1        {
  31   2              Chk_DisChg();                                                                                           //检测放电状态   
  32   2        }     
  33   1      }
  34          /****************************************************************************
  35          * Function              : Chk_Chg
  36          * Description   : 充电信号检测
  37          * Input                         : None                                                    
  38          * Output                        : None
  39          ****************************************************************************/
  40          void Chk_Chg(void)
  41          {               
  42   1              if(I_Chk_Chg == 1)                                                                              //检测充电信号
  43   1              {
  44   2                      if(F_Chk_Chg == 0)
  45   2                      {
  46   3                              F_Chk_Chg = 1;
  47   3                              RTm_Chk_Chg = LTm_Chk_Chg;                              
  48   3                      }
  49   2              }
  50   1              else
  51   1              {
  52   2                      if(F_Chk_Chg == 1)
C51 COMPILER V9.56.0.0   INCHK                                                             11/13/2020 10:16:17 PAGE 2   

  53   2                      {
  54   3                              F_Chk_Chg = 0;
  55   3                              RTm_Chk_Chg = LTm_Chk_Chg;
  56   3                      }
  57   2              }
  58   1      }
  59          /****************************************************************************
  60          * Function              : Chk_DisChg
  61          * Description   : 放电信号检测
  62          * Input                         : None                                                    
  63          * Output                        : None
  64          * Note                          : 开LED时，LED引脚会先输出200ms低电平，MCU正好利用这个电平检测放电状态
  65          ****************************************************************************/
  66          void Chk_DisChg(void)
  67          {
  68   1              if(I_Chk_DisChg == 0)//检测放电信号
  69   1              {               
  70   2                      if(F_Chk_DisChg == 0)
  71   2                      {
  72   3                              RTm_Chk_DisChg = LTm_Chk_DisChg;
  73   3                              F_Chk_DisChg = 1;
  74   3                      }
  75   2                      else if(0 == RTm_Chk_DisChg)
  76   2                      {
  77   3                              F_Chk_DisChg = 0; 
  78   3                              RTm_Chk_NDisChg = 0;
  79   3                              if(F_DisChg_Exist == 1)
  80   3                              {                               
  81   4                                      F_Key_Push = 0;                                                                                 
  82   4                                      R_Sys_Mode = 0;                                         
  83   4                                      RTm_Sys_Slp = 0; //不进入睡眠   
  84   4                                      RTm_Delay_Slp = 0;      
  85   4                                      
  86   4                                      F_DisChg_Exist = 0;     //放电完成
  87   4                                      if(F_Chg_Exist == 0)
  88   4                                      {
  89   5      //                                      O_Chg_DisChg_En = 1;//关断放电  
  90   5                                              
  91   5                                              if((F_UartRx_En == 0) && (F_UartTx_En == 0))    
  92   5                                              {
  93   6      //                                              RTm_Delay_Slp = LTm_Delay_Slp;  //MCU延时10s进入睡眠
  94   6                                                      RTm_Sys_Slp = LTm_Sys_Slp;                                                                      //重新开始睡眠定时                                                              
  95   6                                              }                                       
  96   5                                      }       
  97   4                                      
  98   4                              }                       
  99   3                      }
 100   2              }
 101   1              else
 102   1              {
 103   2                      RTm_Chk_DisChg = 0;
 104   2                      F_Chk_DisChg = 0;               
 105   2              }       
 106   1              if(RTm_Chk_NDisChg==LTm_Chk_NDisChg)
 107   1              {
 108   2                      if(F_DisChg_Exist == 0)
 109   2                      {
 110   3                              F_DisChg_Exist = 1;     //放电          
 111   3                              O_Chg_DisChg_En = 0;//开放电    
 112   3                              
 113   3                              F_Key_Push = 0;                                                                                 
 114   3                              R_Sys_Mode = 0;                                         
C51 COMPILER V9.56.0.0   INCHK                                                             11/13/2020 10:16:17 PAGE 3   

 115   3                              RTm_Sys_Slp = 0;//不进入睡眠    
 116   3                              RTm_Delay_Slp = 0;                                      
 117   3                      }               
 118   2              }
 119   1      
 120   1      }


MODULE INFORMATION:   STATIC OVERLAYABLE
   CODE SIZE        =    123    ----
   CONSTANT SIZE    =   ----    ----
   XDATA SIZE       =   ----    ----
   PDATA SIZE       =   ----    ----
   DATA SIZE        =   ----    ----
   IDATA SIZE       =      3    ----
   BIT SIZE         =      4    ----
END OF MODULE INFORMATION.


C51 COMPILATION COMPLETE.  0 WARNING(S),  0 ERROR(S)
