C51 COMPILER V9.56.0.0   MAIN                                                              11/13/2020 10:16:17 PAGE 1   


C51 COMPILER V9.56.0.0, COMPILATION OF MODULE MAIN
OBJECT MODULE PLACED IN .\Objects\Main.obj
COMPILER INVOKED BY: C:\Keil_v5\C51\BIN\C51.EXE Scr\Main.c OPTIMIZE(4,SPEED) BROWSE DEBUG OBJECTEXTEND PRINT(.\Listings\
                    -Main.lst) OBJECT(.\Objects\Main.obj)

line level    source

   1          #include <SN8F5702.h>
   2          #include "Init.h"
   3          #include "IntGnd.h"
   4          #include "InChk.h"
   5          #include "App.h"
   6          #include "Data.h"       
   7          #include "AD.h"
   8          #include "Ntc.h"
   9          #include "UART.h"       
  10          //=============================================================
  11          //      主程序
  12          //=============================================================
  13          void main(void)
  14          {
  15   1              Init();//系统初始化             
  16   1              UART3init();//UART1初始化
  17   1              while(1)
  18   1              {
  19   2                      WDTR = 0x5a;                                            //清狗                          
  20   2                      Mn_IntGnd();                                            //系统时间处理          
  21   2                      Mn_InChk();                                                     //电平检测                      
  22   2                      Mn_App();                                                               //应用程序      
  23   2                      Mn_Data();                                                      //通讯数据处理
  24   2                      Mn_AD();                                                                //AD采集程序
  25   2                      Mn_Ntc();                                                               //温度处理
  26   2              }
  27   1      }     


MODULE INFORMATION:   STATIC OVERLAYABLE
   CODE SIZE        =     30    ----
   CONSTANT SIZE    =   ----    ----
   XDATA SIZE       =   ----    ----
   PDATA SIZE       =   ----    ----
   DATA SIZE        =   ----    ----
   IDATA SIZE       =   ----    ----
   BIT SIZE         =   ----    ----
END OF MODULE INFORMATION.


C51 COMPILATION COMPLETE.  0 WARNING(S),  0 ERROR(S)
